<?xml version="1.0" encoding="UTF-8"?>
<!-- Generated by org.testng.reporters.JUnitReportReporter -->
<testsuite hostname="Katarzynas-MacBook-Air.local" name="com.vaadin.demo.dashboard.selenium.EditUserProfileTest" tests="1" failures="0" timestamp="9 Jun 2017 15:56:24 GMT" time="47,175" errors="0">
  <testcase name="loginTest" time="47,175" classname="com.vaadin.demo.dashboard.selenium.EditUserProfileTest"/>
</testsuite>
